# JRE version: Java(TM) SE Runtime Environment (8.0_60-b27) (build 1.8.0_60-b27)
# Java VM: Java HotSpot(TM) 64-Bit Server VM (25.60-b23 mixed mode bsd-amd64 compressed oops)
Heap:
 PSYoungGen      total 93696K, used 82526K [0x00000007aab00000, 0x00000007b9f00000, 0x00000007c0000000)
  eden space 93184K, 88% used [0x00000007aab00000,0x00000007afb77830,0x00000007b0600000)
  from space 512K, 25% used [0x00000007b9e80000,0x00000007b9ea0000,0x00000007b9f00000)
  to   space 512K, 0% used [0x00000007b9e00000,0x00000007b9e00000,0x00000007b9e80000)
 ParOldGen       total 44032K, used 38309K [0x0000000780000000, 0x0000000782b00000, 0x00000007aab00000)
  object space 44032K, 87% used [0x0000000780000000,0x00000007825695f8,0x0000000782b00000)
 Metaspace       used 10363K, capacity 10507K, committed 10624K, reserved 1058816K
  class space    used 1060K, capacity 1146K, committed 1152K, reserved 1048576K
GC Heap History (10 events):
Event: 38.516 GC heap before
{Heap before GC invocations=616 (full 0):
 PSYoungGen      total 72704K, used 72288K [0x00000007aab00000, 0x00000007b9f00000, 0x00000007c0000000)
  eden space 72192K, 100% used [0x00000007aab00000,0x00000007af180000,0x00000007af180000)
  from space 512K, 18% used [0x00000007b9e00000,0x00000007b9e18000,0x00000007b9e80000)
  to   space 512K, 0% used [0x00000007b9e80000,0x00000007b9e80000,0x00000007b9f00000)
 ParOldGen       total 44032K, used 38189K [0x0000000780000000, 0x0000000782b00000, 0x00000007aab00000)
  object space 44032K, 86% used [0x0000000780000000,0x000000078254b5f8,0x0000000782b00000)
 Metaspace       used 9122K, capacity 9291K, committed 9472K, reserved 1058816K
  class space    used 942K, capacity 1018K, committed 1024K, reserved 1048576K
Event: 38.517 GC heap after
Heap after GC invocations=616 (full 0):
 PSYoungGen      total 70144K, used 96K [0x00000007aab00000, 0x00000007b9f00000, 0x00000007c0000000)
  eden space 69632K, 0% used [0x00000007aab00000,0x00000007aab00000,0x00000007aef00000)
  from space 512K, 18% used [0x00000007b9e80000,0x00000007b9e98000,0x00000007b9f00000)
  to   space 512K, 0% used [0x00000007b9e00000,0x00000007b9e00000,0x00000007b9e80000)
 ParOldGen       total 44032K, used 38213K [0x0000000780000000, 0x0000000782b00000, 0x00000007aab00000)
  object space 44032K, 86% used [0x0000000780000000,0x00000007825515f8,0x0000000782b00000)
 Metaspace       used 9122K, capacity 9291K, committed 9472K, reserved 1058816K
  class space    used 942K, capacity 1018K, committed 1024K, reserved 1048576K
}
Event: 38.564 GC heap before
{Heap before GC invocations=617 (full 0):
 PSYoungGen      total 70144K, used 69728K [0x00000007aab00000, 0x00000007b9f00000, 0x00000007c0000000)
  eden space 69632K, 100% used [0x00000007aab00000,0x00000007aef00000,0x00000007aef00000)
  from space 512K, 18% used [0x00000007b9e80000,0x00000007b9e98000,0x00000007b9f00000)
  to   space 512K, 0% used [0x00000007b9e00000,0x00000007b9e00000,0x00000007b9e80000)
 ParOldGen       total 44032K, used 38213K [0x0000000780000000, 0x0000000782b00000, 0x00000007aab00000)
  object space 44032K, 86% used [0x0000000780000000,0x00000007825515f8,0x0000000782b00000)
 Metaspace       used 9122K, capacity 9291K, committed 9472K, reserved 1058816K
  class space    used 942K, capacity 1018K, committed 1024K, reserved 1048576K
Event: 38.564 GC heap after
Heap after GC invocations=617 (full 0):
 PSYoungGen      total 67584K, used 96K [0x00000007aab00000, 0x00000007b9f00000, 0x00000007c0000000)
  eden space 67072K, 0% used [0x00000007aab00000,0x00000007aab00000,0x00000007aec80000)
  from space 512K, 18% used [0x00000007b9e00000,0x00000007b9e18000,0x00000007b9e80000)
  to   space 512K, 0% used [0x00000007b9e80000,0x00000007b9e80000,0x00000007b9f00000)
 ParOldGen       total 44032K, used 38237K [0x0000000780000000, 0x0000000782b00000, 0x00000007aab00000)
  object space 44032K, 86% used [0x0000000780000000,0x00000007825575f8,0x0000000782b00000)
 Metaspace       used 9122K, capacity 9291K, committed 9472K, reserved 1058816K
  class space    used 942K, capacity 1018K, committed 1024K, reserved 1048576K
}
Event: 38.608 GC heap before
{Heap before GC invocations=618 (full 0):
 PSYoungGen      total 67584K, used 67168K [0x00000007aab00000, 0x00000007b9f00000, 0x00000007c0000000)
  eden space 67072K, 100% used [0x00000007aab00000,0x00000007aec80000,0x00000007aec80000)
  from space 512K, 18% used [0x00000007b9e00000,0x00000007b9e18000,0x00000007b9e80000)
  to   space 512K, 0% used [0x00000007b9e80000,0x00000007b9e80000,0x00000007b9f00000)
 ParOldGen       total 44032K, used 38237K [0x0000000780000000, 0x0000000782b00000, 0x00000007aab00000)
  object space 44032K, 86% used [0x0000000780000000,0x00000007825575f8,0x0000000782b00000)
 Metaspace       used 9122K, capacity 9291K, committed 9472K, reserved 1058816K
  class space    used 942K, capacity 1018K, committed 1024K, reserved 1048576K
Event: 38.609 GC heap after
Heap after GC invocations=618 (full 0):
 PSYoungGen      total 81408K, used 96K [0x00000007aab00000, 0x00000007b9f00000, 0x00000007c0000000)
  eden space 80896K, 0% used [0x00000007aab00000,0x00000007aab00000,0x00000007afa00000)
  from space 512K, 18% used [0x00000007b9e80000,0x00000007b9e98000,0x00000007b9f00000)
  to   space 512K, 0% used [0x00000007b9e00000,0x00000007b9e00000,0x00000007b9e80000)
 ParOldGen       total 44032K, used 38261K [0x0000000780000000, 0x0000000782b00000, 0x00000007aab00000)
  object space 44032K, 86% used [0x0000000780000000,0x000000078255d5f8,0x0000000782b00000)
 Metaspace       used 9122K, capacity 9291K, committed 9472K, reserved 1058816K
  class space    used 942K, capacity 1018K, committed 1024K, reserved 1048576K
}
Event: 38.662 GC heap before
{Heap before GC invocations=619 (full 0):
 PSYoungGen      total 81408K, used 80992K [0x00000007aab00000, 0x00000007b9f00000, 0x00000007c0000000)
  eden space 80896K, 100% used [0x00000007aab00000,0x00000007afa00000,0x00000007afa00000)
  from space 512K, 18% used [0x00000007b9e80000,0x00000007b9e98000,0x00000007b9f00000)
  to   space 512K, 0% used [0x00000007b9e00000,0x00000007b9e00000,0x00000007b9e80000)
 ParOldGen       total 44032K, used 38261K [0x0000000780000000, 0x0000000782b00000, 0x00000007aab00000)
  object space 44032K, 86% used [0x0000000780000000,0x000000078255d5f8,0x0000000782b00000)
 Metaspace       used 9122K, capacity 9291K, committed 9472K, reserved 1058816K
  class space    used 942K, capacity 1018K, committed 1024K, reserved 1048576K
Event: 38.662 GC heap after
Heap after GC invocations=619 (full 0):
 PSYoungGen      total 97792K, used 96K [0x00000007aab00000, 0x00000007b9f00000, 0x00000007c0000000)
  eden space 97280K, 0% used [0x00000007aab00000,0x00000007aab00000,0x00000007b0a00000)
  from space 512K, 18% used [0x00000007b9e00000,0x00000007b9e18000,0x00000007b9e80000)
  to   space 512K, 0% used [0x00000007b9e80000,0x00000007b9e80000,0x00000007b9f00000)
 ParOldGen       total 44032K, used 38285K [0x0000000780000000, 0x0000000782b00000, 0x00000007aab00000)
  object space 44032K, 86% used [0x0000000780000000,0x00000007825635f8,0x0000000782b00000)
 Metaspace       used 9122K, capacity 9291K, committed 9472K, reserved 1058816K
  class space    used 942K, capacity 1018K, committed 1024K, reserved 1048576K
}
Event: 38.726 GC heap before
{Heap before GC invocations=620 (full 0):
 PSYoungGen      total 97792K, used 97376K [0x00000007aab00000, 0x00000007b9f00000, 0x00000007c0000000)
  eden space 97280K, 100% used [0x00000007aab00000,0x00000007b0a00000,0x00000007b0a00000)
  from space 512K, 18% used [0x00000007b9e00000,0x00000007b9e18000,0x00000007b9e80000)
  to   space 512K, 0% used [0x00000007b9e80000,0x00000007b9e80000,0x00000007b9f00000)
 ParOldGen       total 44032K, used 38285K [0x0000000780000000, 0x0000000782b00000, 0x00000007aab00000)
  object space 44032K, 86% used [0x0000000780000000,0x00000007825635f8,0x0000000782b00000)
 Metaspace       used 9122K, capacity 9291K, committed 9472K, reserved 1058816K
  class space    used 942K, capacity 1018K, committed 1024K, reserved 1048576K
Event: 38.727 GC heap after
Heap after GC invocations=620 (full 0):
 PSYoungGen      total 93696K, used 128K [0x00000007aab00000, 0x00000007b9f00000, 0x00000007c0000000)
  eden space 93184K, 0% used [0x00000007aab00000,0x00000007aab00000,0x00000007b0600000)
  from space 512K, 25% used [0x00000007b9e80000,0x00000007b9ea0000,0x00000007b9f00000)
  to   space 512K, 0% used [0x00000007b9e00000,0x00000007b9e00000,0x00000007b9e80000)
 ParOldGen       total 44032K, used 38309K [0x0000000780000000, 0x0000000782b00000, 0x00000007aab00000)
  object space 44032K, 87% used [0x0000000780000000,0x00000007825695f8,0x0000000782b00000)
 Metaspace       used 9122K, capacity 9291K, committed 9472K, reserved 1058816K
  class space    used 942K, capacity 1018K, committed 1024K, reserved 1048576K
}

